<?xml version="1.0" encoding="UTF-8"?>
<!-- Generated by org.testng.reporters.JUnitXMLReporter -->
<testsuite ignored="4" hostname="Krishnanunnis-MacBook-Pro.local" failures="0" tests="30" name="TestOne" time="38.065" errors="0" timestamp="2022-07-26T06:42:44 IST">
  <testcase classname="com.Qalegendproject.Scripts.TestClas" name="verifyLoginValidUserInvalidPass" time="0.931"/>
  <testcase classname="com.Qalegendproject.Scripts.TestClas" name="verifyLoginInvalidUserValidPass" time="0.665"/>
  <testcase classname="com.Qalegendproject.Scripts.TestClas" name="verifyLoginInvaliduserInvalidPass" time="0.739"/>
  <testcase classname="com.Qalegendproject.Scripts.TestClas" name="verifyLoginValidUserValidPass" time="2.558"/>
  <testcase classname="com.Qalegendproject.Scripts.TestProduct" name="verifyProductPage" time="2.488"/>
  <testcase classname="com.Qalegendproject.Scripts.TestProduct" name="verifyAddproduct" time="0.654"/>
  <testcase classname="com.Qalegendproject.Scripts.TestProduct" name="verifyAddproductfields" time="1.17"/>
  <testcase classname="com.Qalegendproject.Scripts.TestProduct" name="verifyproductdwnlod" time="5.383"/>
  <testcase classname="com.Qalegendproject.Scripts.TestProduct" name="verifyproductsearch" time="0.33"/>
  <testcase classname="com.Qalegendproject.Scripts.TestProduct" name="verifyproductview" time="0.691"/>
  <testcase classname="com.Qalegendproject.Scripts.TestProduct" name="verifyproductbarcode" time="0.596"/>
  <testcase classname="com.Qalegendproject.Scripts.TestProduct" name="verifyproductedit" time="1.769"/>
  <testcase classname="com.Qalegendproject.Scripts.TestProduct" name="verifyproductdel" time="1.785"/>
  <testcase classname="com.Qalegendproject.Scripts.TestProduct" name="verifyproductnext" time="0.639"/>
  <testcase classname="com.Qalegendproject.Scripts.TestProduct" name="verifyproductprevious" time="0.064"/>
  <testcase classname="com.Qalegendproject.Scripts.TestProduct" name="verifyproductprint" time="0.063"/>
  <testcase classname="com.Qalegendproject.Scripts.TestProduct" name="verifyproductprintclose" time="0.583"/>
  <testcase classname="com.Qalegendproject.Scripts.TestProduct" name="verifyproductupload" time="0.941"/>
  <testcase classname="com.Qalegendproject.Scripts.TestProduct" name="verifyproductuploadclose" time="0.051"/>
  <testcase classname="com.Qalegendproject.Scripts.TestStore" name="verifynavigatetoStorePage" time="0.925"/>
  <testcase classname="com.Qalegendproject.Scripts.TestStore" name="verifyStorePageadd" time="0.609"/>
  <testcase classname="com.Qalegendproject.Scripts.TestStore" name="verifyStorePageadddetails" time="0.693"/>
  <testcase classname="com.Qalegendproject.Scripts.TestStore" name="verifyStorePageadddetailssubmit" time="0.868"/>
  <testcase classname="com.Qalegendproject.Scripts.TestStore" name="verifyStorePagesort" time="0.621"/>
  <testcase classname="com.Qalegendproject.Scripts.TestStore" name="verifyStorePageedit" time="1.187"/>
  <testcase classname="com.Qalegendproject.Scripts.TestStore" name="verifyStorePagedel" time="0.927"/>
  <testcase classname="com.Qalegendproject.Scripts.TestStore" name="verifynavigatepeoplepage" time="1.479"/>
  <testcase classname="com.Qalegendproject.Scripts.TestStore" name="verifyPeoplepageaddwaiter" time="0.607"/>
  <testcase classname="com.Qalegendproject.Scripts.TestStore" name="verifyPeoplepageaddwaiterdetails" time="0.63"/>
  <testcase classname="com.Qalegendproject.Scripts.TestStore" name="verifyPeoplepageaddwaiterdetailssubmit" time="1.031"/>
  <testcase classname="com.Qalegendproject.Scripts.TestBase" name="@BeforeTest beforeTest" time="0.0">
    <ignored/>
  </testcase> <!-- @BeforeTest beforeTest -->
  <testcase classname="com.Qalegendproject.Scripts.TestBase" name="@BeforeTest beforeTest" time="0.0">
    <ignored/>
  </testcase> <!-- @BeforeTest beforeTest -->
  <testcase classname="com.Qalegendproject.Scripts.TestBase" name="@AfterTest afterTest" time="0.0">
    <ignored/>
  </testcase> <!-- @AfterTest afterTest -->
  <testcase classname="com.Qalegendproject.Scripts.TestBase" name="@AfterTest afterTest" time="0.0">
    <ignored/>
  </testcase> <!-- @AfterTest afterTest -->
</testsuite> <!-- TestOne -->
