<?xml version="1.0" encoding="UTF-8"?>
<!-- Generated by org.testng.reporters.JUnitXMLReporter -->
<testsuite ignored="0" hostname="Krishnanunnis-MacBook-Pro.local" failures="0" tests="7" name="TestTwo" time="14.558" errors="0" timestamp="2022-07-18T10:10:11 IST">
  <testcase classname="com.Finalproject.Scripts.TestClas" name="verifyLoginValidUserInvalidPass" time="1.033"/>
  <testcase classname="com.Finalproject.Scripts.TestClas" name="verifyLoginInvalidUserValidPass" time="0.669"/>
  <testcase classname="com.Finalproject.Scripts.TestClas" name="verifyLoginInvaliduserInvalidPass" time="0.661"/>
  <testcase classname="com.Finalproject.Scripts.TestClas" name="verifyLoginValidUserValidPass" time="2.571"/>
  <testcase classname="com.Finalproject.Scripts.TestProduct" name="verifyProductPage" time="2.213"/>
  <testcase classname="com.Finalproject.Scripts.TestProduct" name="verifyAddproduct" time="0.629"/>
  <testcase classname="com.Finalproject.Scripts.TestProduct" name="verifyAddproductfields" time="1.065"/>
</testsuite> <!-- TestTwo -->
