<?xml version="1.0" encoding="UTF-8"?>
<testsuite xmlns:xsi="http://www.w3.org/2001/XMLSchema-instance" xsi:noNamespaceSchemaLocation="https://maven.apache.org/surefire/maven-surefire-plugin/xsd/surefire-test-report-3.0.xsd" version="3.0" name="TestSuite" time="34.978" tests="30" errors="0" skipped="0" failures="0">
  <properties>
[...]
</properties>
  <testcase name="verifyLoginValidUserInvalidPass[admin, password123](1)" classname="com.Qalegendproject.Scripts.TestClas" time="0.789">
    <system-err><![CDATA[log4j:WARN No appenders could be found for logger (org.apache.http.client.protocol.RequestAddCookies).
log4j:WARN Please initialize the log4j system properly.
613 [main] INFO io.github.bonigarcia.wdm.WebDriverManager - Using chromedriver 103.0.5060.134 (since Google Chrome 103 is installed in your machine)
626 [main] INFO io.github.bonigarcia.wdm.WebDriverManager - Exporting webdriver.chrome.driver as /Users/krnair/.m2/repository/webdriver/chromedriver/mac64/103.0.5060.134/chromedriver
Starting ChromeDriver 103.0.5060.134 (8ec6fce403b3feb0869b0732eda8bd95011d333c-refs/branch-heads/5060@{#1262}) on port 3083
Only local connections are allowed.
Please see https://chromedriver.chromium.org/security-considerations for suggestions on keeping ChromeDriver safe.
ChromeDriver was started successfully.
Jul 25, 2022 10:42:28 AM org.openqa.selenium.remote.ProtocolHandshake createSession
INFO: Detected dialect: W3C
]]></system-err>
  </testcase>
  <testcase name="verifyLoginInvalidUserValidPass[admin123, password](1)" classname="com.Qalegendproject.Scripts.TestClas" time="0.684"/>
  <testcase name="verifyLoginInvaliduserInvalidPass[adsam, admin12](1)" classname="com.Qalegendproject.Scripts.TestClas" time="0.664"/>
  <testcase name="verifyLoginValidUserValidPass[admin, password](1)" classname="com.Qalegendproject.Scripts.TestClas" time="2.35"/>
  <testcase name="verifyProductPage" classname="com.Qalegendproject.Scripts.TestProduct" time="2.126">
    <system-out><![CDATA[POS - point of sale Presto Cafeteria
]]></system-out>
  </testcase>
  <testcase name="verifyAddproduct" classname="com.Qalegendproject.Scripts.TestProduct" time="0.623">
    <system-out><![CDATA[Add Product
]]></system-out>
  </testcase>
  <testcase name="verifyAddproductfields" classname="com.Qalegendproject.Scripts.TestProduct" time="1.297"/>
  <testcase name="verifyproductdwnlod" classname="com.Qalegendproject.Scripts.TestProduct" time="5.343"/>
  <testcase name="verifyproductsearch" classname="com.Qalegendproject.Scripts.TestProduct" time="0.256"/>
  <testcase name="verifyproductview" classname="com.Qalegendproject.Scripts.TestProduct" time="0.75"/>
  <testcase name="verifyproductbarcode" classname="com.Qalegendproject.Scripts.TestProduct" time="0.581"/>
  <testcase name="verifyproductedit" classname="com.Qalegendproject.Scripts.TestProduct" time="1.531"/>
  <testcase name="verifyproductdel" classname="com.Qalegendproject.Scripts.TestProduct" time="1.07"/>
  <testcase name="verifyproductnext" classname="com.Qalegendproject.Scripts.TestProduct" time="0.668"/>
  <testcase name="verifyproductprevious" classname="com.Qalegendproject.Scripts.TestProduct" time="0.069"/>
  <testcase name="verifyproductprint" classname="com.Qalegendproject.Scripts.TestProduct" time="0.06"/>
  <testcase name="verifyproductprintclose" classname="com.Qalegendproject.Scripts.TestProduct" time="0.579"/>
  <testcase name="verifyproductupload" classname="com.Qalegendproject.Scripts.TestProduct" time="0.961"/>
  <testcase name="verifyproductuploadclose" classname="com.Qalegendproject.Scripts.TestProduct" time="0.064"/>
  <testcase name="verifynavigatetoStorePage" classname="com.Qalegendproject.Scripts.TestStore" time="0.868">
    <system-out><![CDATA[POS - point of sale Presto Cafeteria
]]></system-out>
  </testcase>
  <testcase name="verifyStorePageadd" classname="com.Qalegendproject.Scripts.TestStore" time="0.601"/>
  <testcase name="verifyStorePageadddetails" classname="com.Qalegendproject.Scripts.TestStore" time="0.706"/>
  <testcase name="verifyStorePageadddetailssubmit" classname="com.Qalegendproject.Scripts.TestStore" time="0.785"/>
  <testcase name="verifyStorePagesort" classname="com.Qalegendproject.Scripts.TestStore" time="0.635"/>
  <testcase name="verifyStorePageedit" classname="com.Qalegendproject.Scripts.TestStore" time="1.239"/>
  <testcase name="verifyStorePagedel" classname="com.Qalegendproject.Scripts.TestStore" time="0.722"/>
  <testcase name="verifynavigatepeoplepage" classname="com.Qalegendproject.Scripts.TestStore" time="1.401"/>
  <testcase name="verifyPeoplepageaddwaiter" classname="com.Qalegendproject.Scripts.TestStore" time="0.626"/>
  <testcase name="verifyPeoplepageaddwaiterdetails" classname="com.Qalegendproject.Scripts.TestStore" time="0.611"/>
  <testcase name="verifyPeoplepageaddwaiterdetailssubmit" classname="com.Qalegendproject.Scripts.TestStore" time="0.885"/>
</testsuite>