<?xml version="1.0" encoding="UTF-8"?>
<testsuite xmlns:xsi="http://www.w3.org/2001/XMLSchema-instance" xsi:noNamespaceSchemaLocation="https://maven.apache.org/surefire/maven-surefire-plugin/xsd/surefire-test-report-3.0.xsd" version="3.0" name="TestSuite" time="39.175" tests="30" errors="0" skipped="0" failures="0">
  <properties>
[...]
</properties>
  <testcase name="verifyLoginValidUserInvalidPass[admin, password123](1)" classname="com.Qalegendproject.Scripts.TestLogin" time="0.963">
    <system-err><![CDATA[log4j:WARN No appenders could be found for logger (org.apache.http.client.protocol.RequestAddCookies).
log4j:WARN Please initialize the log4j system properly.
1907 [main] INFO io.github.bonigarcia.wdm.WebDriverManager - Using chromedriver 104.0.5112.79 (since Google Chrome 104 is installed in your machine)
1923 [main] INFO io.github.bonigarcia.wdm.WebDriverManager - Exporting webdriver.chrome.driver as /Users/krnair/.m2/repository/webdriver/chromedriver/mac64/104.0.5112.79/chromedriver
Starting ChromeDriver 104.0.5112.79 (3cf3e8c8a07d104b9e1260c910efb8f383285dc5-refs/branch-heads/5112@{#1307}) on port 3166
Only local connections are allowed.
Please see https://chromedriver.chromium.org/security-considerations for suggestions on keeping ChromeDriver safe.
ChromeDriver was started successfully.
Aug 30, 2022 1:51:04 PM org.openqa.selenium.remote.ProtocolHandshake createSession
INFO: Detected dialect: W3C
]]></system-err>
  </testcase>
  <testcase name="verifyLoginInvalidUserValidPass[admin123, password](1)" classname="com.Qalegendproject.Scripts.TestLogin" time="0.72"/>
  <testcase name="verifyLoginInvaliduserInvalidPass[adsam, admin12](1)" classname="com.Qalegendproject.Scripts.TestLogin" time="0.652"/>
  <testcase name="verifyLoginValidUserValidPass[admin, password](1)" classname="com.Qalegendproject.Scripts.TestLogin" time="2.511"/>
  <testcase name="verifyProductPage" classname="com.Qalegendproject.Scripts.TestProduct" time="2.276">
    <system-out><![CDATA[POS - point of sale Presto Cafeteria
]]></system-out>
  </testcase>
  <testcase name="verifyAddproduct" classname="com.Qalegendproject.Scripts.TestProduct" time="0.62">
    <system-out><![CDATA[Add Product
]]></system-out>
  </testcase>
  <testcase name="verifyAddproductfields" classname="com.Qalegendproject.Scripts.TestProduct" time="1.148"/>
  <testcase name="verifyproductdwnlod" classname="com.Qalegendproject.Scripts.TestProduct" time="5.461"/>
  <testcase name="verifyproductsearch" classname="com.Qalegendproject.Scripts.TestProduct" time="0.227">
    <system-out><![CDATA[false
]]></system-out>
  </testcase>
  <testcase name="verifyproductview" classname="com.Qalegendproject.Scripts.TestProduct" time="0.705"/>
  <testcase name="verifyproductbarcode" classname="com.Qalegendproject.Scripts.TestProduct" time="0.476"/>
  <testcase name="verifyproductedit" classname="com.Qalegendproject.Scripts.TestProduct" time="1.395"/>
  <testcase name="verifyproductdel" classname="com.Qalegendproject.Scripts.TestProduct" time="1.375"/>
  <testcase name="verifyproductnext" classname="com.Qalegendproject.Scripts.TestProduct" time="0.67"/>
  <testcase name="verifyproductprevious" classname="com.Qalegendproject.Scripts.TestProduct" time="0.079"/>
  <testcase name="verifyproductprint" classname="com.Qalegendproject.Scripts.TestProduct" time="0.065"/>
  <testcase name="verifyproductprintclose" classname="com.Qalegendproject.Scripts.TestProduct" time="0.611"/>
  <testcase name="verifyproductupload" classname="com.Qalegendproject.Scripts.TestProduct" time="0.963"/>
  <testcase name="verifyproductuploadclose" classname="com.Qalegendproject.Scripts.TestProduct" time="0.051"/>
  <testcase name="verifynavigatetoStorePage" classname="com.Qalegendproject.Scripts.TestStore" time="1.312">
    <system-out><![CDATA[POS - point of sale Presto Cafeteria
]]></system-out>
  </testcase>
  <testcase name="verifyStorePageadd" classname="com.Qalegendproject.Scripts.TestStore" time="0.629"/>
  <testcase name="verifyStorePageadddetails" classname="com.Qalegendproject.Scripts.TestStore" time="0.696"/>
  <testcase name="verifyStorePageadddetailssubmit" classname="com.Qalegendproject.Scripts.TestStore" time="0.899"/>
  <testcase name="verifyStorePagesort" classname="com.Qalegendproject.Scripts.TestStore" time="0.631"/>
  <testcase name="verifyStorePageedit" classname="com.Qalegendproject.Scripts.TestStore" time="1.15"/>
  <testcase name="verifyStorePagedel" classname="com.Qalegendproject.Scripts.TestStore" time="0.845"/>
  <testcase name="verifynavigatepeoplepage" classname="com.Qalegendproject.Scripts.TestStore" time="1.446"/>
  <testcase name="verifyPeoplepageaddwaiter" classname="com.Qalegendproject.Scripts.TestStore" time="0.618"/>
  <testcase name="verifyPeoplepageaddwaiterdetails" classname="com.Qalegendproject.Scripts.TestStore" time="0.633"/>
  <testcase name="verifyPeoplepageaddwaiterdetailssubmit" classname="com.Qalegendproject.Scripts.TestStore" time="0.984"/>
</testsuite>