<?xml version="1.0" encoding="UTF-8"?>
<!-- Generated by org.testng.reporters.JUnitXMLReporter -->
<testsuite ignored="4" hostname="Krishnanunnis-MacBook-Pro.local" failures="0" tests="30" name="TestOne" time="34.593" errors="0" timestamp="2022-07-25T10:43:00 IST">
  <testcase classname="com.Qalegendproject.Scripts.TestClas" name="verifyLoginValidUserInvalidPass" time="0.797"/>
  <testcase classname="com.Qalegendproject.Scripts.TestClas" name="verifyLoginInvalidUserValidPass" time="0.684"/>
  <testcase classname="com.Qalegendproject.Scripts.TestClas" name="verifyLoginInvaliduserInvalidPass" time="0.664"/>
  <testcase classname="com.Qalegendproject.Scripts.TestClas" name="verifyLoginValidUserValidPass" time="2.351"/>
  <testcase classname="com.Qalegendproject.Scripts.TestProduct" name="verifyProductPage" time="2.125"/>
  <testcase classname="com.Qalegendproject.Scripts.TestProduct" name="verifyAddproduct" time="0.622"/>
  <testcase classname="com.Qalegendproject.Scripts.TestProduct" name="verifyAddproductfields" time="1.297"/>
  <testcase classname="com.Qalegendproject.Scripts.TestProduct" name="verifyproductdwnlod" time="5.344"/>
  <testcase classname="com.Qalegendproject.Scripts.TestProduct" name="verifyproductsearch" time="0.256"/>
  <testcase classname="com.Qalegendproject.Scripts.TestProduct" name="verifyproductview" time="0.751"/>
  <testcase classname="com.Qalegendproject.Scripts.TestProduct" name="verifyproductbarcode" time="0.581"/>
  <testcase classname="com.Qalegendproject.Scripts.TestProduct" name="verifyproductedit" time="1.531"/>
  <testcase classname="com.Qalegendproject.Scripts.TestProduct" name="verifyproductdel" time="1.071"/>
  <testcase classname="com.Qalegendproject.Scripts.TestProduct" name="verifyproductnext" time="0.667"/>
  <testcase classname="com.Qalegendproject.Scripts.TestProduct" name="verifyproductprevious" time="0.069"/>
  <testcase classname="com.Qalegendproject.Scripts.TestProduct" name="verifyproductprint" time="0.059"/>
  <testcase classname="com.Qalegendproject.Scripts.TestProduct" name="verifyproductprintclose" time="0.578"/>
  <testcase classname="com.Qalegendproject.Scripts.TestProduct" name="verifyproductupload" time="0.961"/>
  <testcase classname="com.Qalegendproject.Scripts.TestProduct" name="verifyproductuploadclose" time="0.064"/>
  <testcase classname="com.Qalegendproject.Scripts.TestStore" name="verifynavigatetoStorePage" time="0.867"/>
  <testcase classname="com.Qalegendproject.Scripts.TestStore" name="verifyStorePageadd" time="0.601"/>
  <testcase classname="com.Qalegendproject.Scripts.TestStore" name="verifyStorePageadddetails" time="0.705"/>
  <testcase classname="com.Qalegendproject.Scripts.TestStore" name="verifyStorePageadddetailssubmit" time="0.785"/>
  <testcase classname="com.Qalegendproject.Scripts.TestStore" name="verifyStorePagesort" time="0.635"/>
  <testcase classname="com.Qalegendproject.Scripts.TestStore" name="verifyStorePageedit" time="1.238"/>
  <testcase classname="com.Qalegendproject.Scripts.TestStore" name="verifyStorePagedel" time="0.721"/>
  <testcase classname="com.Qalegendproject.Scripts.TestStore" name="verifynavigatepeoplepage" time="1.401"/>
  <testcase classname="com.Qalegendproject.Scripts.TestStore" name="verifyPeoplepageaddwaiter" time="0.626"/>
  <testcase classname="com.Qalegendproject.Scripts.TestStore" name="verifyPeoplepageaddwaiterdetails" time="0.61"/>
  <testcase classname="com.Qalegendproject.Scripts.TestStore" name="verifyPeoplepageaddwaiterdetailssubmit" time="0.885"/>
  <testcase classname="com.Qalegendproject.Scripts.TestBase" name="@BeforeTest beforeTest" time="0.0">
    <ignored/>
  </testcase> <!-- @BeforeTest beforeTest -->
  <testcase classname="com.Qalegendproject.Scripts.TestBase" name="@BeforeTest beforeTest" time="0.0">
    <ignored/>
  </testcase> <!-- @BeforeTest beforeTest -->
  <testcase classname="com.Qalegendproject.Scripts.TestBase" name="@AfterTest afterTest" time="0.0">
    <ignored/>
  </testcase> <!-- @AfterTest afterTest -->
  <testcase classname="com.Qalegendproject.Scripts.TestBase" name="@AfterTest afterTest" time="0.0">
    <ignored/>
  </testcase> <!-- @AfterTest afterTest -->
</testsuite> <!-- TestOne -->
