<?xml version="1.0" encoding="UTF-8"?>
<!-- Generated by org.testng.reporters.JUnitXMLReporter -->
<testsuite ignored="4" hostname="Krishnanunnis-MacBook-Pro.local" failures="0" tests="30" name="TestOne" time="38.6" errors="0" timestamp="2022-08-30T13:51:38 IST">
  <testcase classname="com.Qalegendproject.Scripts.TestLogin" name="verifyLoginValidUserInvalidPass" time="0.971"/>
  <testcase classname="com.Qalegendproject.Scripts.TestLogin" name="verifyLoginInvalidUserValidPass" time="0.72"/>
  <testcase classname="com.Qalegendproject.Scripts.TestLogin" name="verifyLoginInvaliduserInvalidPass" time="0.651"/>
  <testcase classname="com.Qalegendproject.Scripts.TestLogin" name="verifyLoginValidUserValidPass" time="2.511"/>
  <testcase classname="com.Qalegendproject.Scripts.TestProduct" name="verifyProductPage" time="2.275"/>
  <testcase classname="com.Qalegendproject.Scripts.TestProduct" name="verifyAddproduct" time="0.621"/>
  <testcase classname="com.Qalegendproject.Scripts.TestProduct" name="verifyAddproductfields" time="1.148"/>
  <testcase classname="com.Qalegendproject.Scripts.TestProduct" name="verifyproductdwnlod" time="5.461"/>
  <testcase classname="com.Qalegendproject.Scripts.TestProduct" name="verifyproductsearch" time="0.227"/>
  <testcase classname="com.Qalegendproject.Scripts.TestProduct" name="verifyproductview" time="0.705"/>
  <testcase classname="com.Qalegendproject.Scripts.TestProduct" name="verifyproductbarcode" time="0.476"/>
  <testcase classname="com.Qalegendproject.Scripts.TestProduct" name="verifyproductedit" time="1.394"/>
  <testcase classname="com.Qalegendproject.Scripts.TestProduct" name="verifyproductdel" time="1.376"/>
  <testcase classname="com.Qalegendproject.Scripts.TestProduct" name="verifyproductnext" time="0.67"/>
  <testcase classname="com.Qalegendproject.Scripts.TestProduct" name="verifyproductprevious" time="0.079"/>
  <testcase classname="com.Qalegendproject.Scripts.TestProduct" name="verifyproductprint" time="0.065"/>
  <testcase classname="com.Qalegendproject.Scripts.TestProduct" name="verifyproductprintclose" time="0.61"/>
  <testcase classname="com.Qalegendproject.Scripts.TestProduct" name="verifyproductupload" time="0.964"/>
  <testcase classname="com.Qalegendproject.Scripts.TestProduct" name="verifyproductuploadclose" time="0.051"/>
  <testcase classname="com.Qalegendproject.Scripts.TestStore" name="verifynavigatetoStorePage" time="1.312"/>
  <testcase classname="com.Qalegendproject.Scripts.TestStore" name="verifyStorePageadd" time="0.629"/>
  <testcase classname="com.Qalegendproject.Scripts.TestStore" name="verifyStorePageadddetails" time="0.697"/>
  <testcase classname="com.Qalegendproject.Scripts.TestStore" name="verifyStorePageadddetailssubmit" time="0.898"/>
  <testcase classname="com.Qalegendproject.Scripts.TestStore" name="verifyStorePagesort" time="0.631"/>
  <testcase classname="com.Qalegendproject.Scripts.TestStore" name="verifyStorePageedit" time="1.15"/>
  <testcase classname="com.Qalegendproject.Scripts.TestStore" name="verifyStorePagedel" time="0.846"/>
  <testcase classname="com.Qalegendproject.Scripts.TestStore" name="verifynavigatepeoplepage" time="1.445"/>
  <testcase classname="com.Qalegendproject.Scripts.TestStore" name="verifyPeoplepageaddwaiter" time="0.618"/>
  <testcase classname="com.Qalegendproject.Scripts.TestStore" name="verifyPeoplepageaddwaiterdetails" time="0.632"/>
  <testcase classname="com.Qalegendproject.Scripts.TestStore" name="verifyPeoplepageaddwaiterdetailssubmit" time="0.984"/>
  <testcase classname="com.Qalegendproject.Scripts.TestBase" name="@BeforeTest beforeTest" time="0.0">
    <ignored/>
  </testcase> <!-- @BeforeTest beforeTest -->
  <testcase classname="com.Qalegendproject.Scripts.TestBase" name="@BeforeTest beforeTest" time="0.0">
    <ignored/>
  </testcase> <!-- @BeforeTest beforeTest -->
  <testcase classname="com.Qalegendproject.Scripts.TestBase" name="@AfterTest afterTest" time="0.0">
    <ignored/>
  </testcase> <!-- @AfterTest afterTest -->
  <testcase classname="com.Qalegendproject.Scripts.TestBase" name="@AfterTest afterTest" time="0.0">
    <ignored/>
  </testcase> <!-- @AfterTest afterTest -->
</testsuite> <!-- TestOne -->
